<?xml version="1.0" encoding="UTF-8"?>
<testng-results ignored="0" total="1" passed="1" failed="0" skipped="0">
  <reporter-output>
  </reporter-output>
  <suite started-at="2023-02-04T16:35:16 IST" name="Default suite" finished-at="2023-02-04T16:35:44 IST" duration-ms="27661">
    <groups>
    </groups>
    <test started-at="2023-02-04T16:35:16 IST" name="Default test" finished-at="2023-02-04T16:35:44 IST" duration-ms="27661">
      <class name="com.vinayak.test.TestClass">
        <test-method is-config="true" signature="setupStart()[pri:0, instance:com.vinayak.test.TestClass@3c9168dc]" started-at="2023-02-04T16:35:17 IST" name="setupStart" finished-at="2023-02-04T16:35:28 IST" duration-ms="11688" status="PASS">
          <reporter-output>
          </reporter-output>
        </test-method> <!-- setupStart -->
        <test-method signature="clickOnCheckBox()[pri:0, instance:com.vinayak.test.TestClass@3c9168dc]" started-at="2023-02-04T16:35:28 IST" name="clickOnCheckBox" finished-at="2023-02-04T16:35:40 IST" duration-ms="12218" status="PASS">
          <reporter-output>
          </reporter-output>
        </test-method> <!-- clickOnCheckBox -->
        <test-method is-config="true" signature="tearDown()[pri:0, instance:com.vinayak.test.TestClass@3c9168dc]" started-at="2023-02-04T16:35:40 IST" name="tearDown" finished-at="2023-02-04T16:35:44 IST" duration-ms="3660" status="PASS">
          <reporter-output>
          </reporter-output>
        </test-method> <!-- tearDown -->
      </class> <!-- com.vinayak.test.TestClass -->
    </test> <!-- Default test -->
  </suite> <!-- Default suite -->
</testng-results>
