<?xml version="1.0" encoding="UTF-8"?>
<testng-results ignored="0" total="1" passed="1" failed="0" skipped="0">
  <reporter-output>
  </reporter-output>
  <suite started-at="2023-02-10T00:25:02 IST" name="Suite" finished-at="2023-02-10T00:25:32 IST" duration-ms="29903">
    <groups>
    </groups>
    <test started-at="2023-02-10T00:25:02 IST" name="Test" finished-at="2023-02-10T00:25:32 IST" duration-ms="29903">
      <class name="com.vinayak.test.TestClass1">
        <test-method is-config="true" signature="m2()[pri:0, instance:com.vinayak.test.TestClass1@4985cbcb]" started-at="2023-02-10T00:25:02 IST" name="m2" finished-at="2023-02-10T00:25:17 IST" duration-ms="15046" status="PASS">
          <reporter-output>
          </reporter-output>
        </test-method> <!-- m2 -->
        <test-method signature="m1()[pri:0, instance:com.vinayak.test.TestClass1@4985cbcb]" started-at="2023-02-10T00:25:17 IST" name="m1" finished-at="2023-02-10T00:25:32 IST" duration-ms="14771" status="PASS">
          <reporter-output>
          </reporter-output>
        </test-method> <!-- m1 -->
      </class> <!-- com.vinayak.test.TestClass1 -->
    </test> <!-- Test -->
  </suite> <!-- Suite -->
</testng-results>
